<?xml version="1.0" encoding="UTF-8"?>
<!-- Generated by org.testng.reporters.JUnitXMLReporter -->
<testsuite ignored="0" hostname="DESKTOP-HBK8B2D" failures="0" tests="10" name="Surefire test" time="24.029" errors="0" timestamp="2024-07-14T22:37:15 IST">
  <testcase classname="api.test.DDTests" name="testPostuser" time="4.786"/>
  <testcase classname="api.test.DDTests" name="testPostuser" time="1.554"/>
  <testcase classname="api.test.DDTests" name="testPostuser" time="1.6"/>
  <testcase classname="api.test.DDTests" name="testDeleteUserbyName" time="1.551"/>
  <testcase classname="api.test.DDTests" name="testDeleteUserbyName" time="1.681"/>
  <testcase classname="api.test.DDTests" name="testDeleteUserbyName" time="1.595"/>
  <testcase classname="api.test.UserTests" name="testPostUser" time="1.51"/>
  <testcase classname="api.test.UserTests" name="testGetUserByName" time="1.72"/>
  <testcase classname="api.test.UserTests" name="testUpdateUserByName" time="3.193"/>
  <testcase classname="api.test.UserTests" name="testDeleteUserByName" time="1.597"/>
</testsuite> <!-- Surefire test -->
