<?xml version="1.0" encoding="UTF-8"?>
<!-- Generated by org.testng.reporters.JUnitXMLReporter -->
<testsuite ignored="0" hostname="DESKTOP-HBK8B2D" failures="0" tests="6" name="Default test" time="17.614" errors="0" timestamp="2024-07-14T18:24:59 IST">
  <testcase classname="api.test.DDTests" name="testPostuser" time="4.886"/>
  <testcase classname="api.test.DDTests" name="testPostuser" time="2.036"/>
  <testcase classname="api.test.DDTests" name="testPostuser" time="1.925"/>
  <testcase classname="api.test.DDTests" name="testDeleteUserbyName" time="2.045"/>
  <testcase classname="api.test.DDTests" name="testDeleteUserbyName" time="1.905"/>
  <testcase classname="api.test.DDTests" name="testDeleteUserbyName" time="2.241"/>
</testsuite> <!-- Default test -->
