<?xml version="1.0" encoding="UTF-8"?>
<testng-results ignored="0" total="4" passed="4" failed="0" skipped="0">
  <reporter-output>
  </reporter-output>
  <suite started-at="2024-07-14T21:04:25 IST" name="PetSuite" finished-at="2024-07-14T21:04:41 IST" duration-ms="16002">
    <groups>
    </groups>
    <test started-at="2024-07-14T21:04:25 IST" name="Petest" finished-at="2024-07-14T21:04:41 IST" duration-ms="16002">
      <class name="api.test.UserTests2">
        <test-method is-config="true" signature="setupData()[pri:0, instance:api.test.UserTests2@18df8434]" started-at="2024-07-14T21:04:26 IST" name="setupData" finished-at="2024-07-14T21:04:26 IST" duration-ms="297" status="PASS">
          <reporter-output>
          </reporter-output>
        </test-method> <!-- setupData -->
        <test-method signature="testPostUser()[pri:1, instance:api.test.UserTests2@18df8434]" started-at="2024-07-14T21:04:26 IST" name="testPostUser" finished-at="2024-07-14T21:04:35 IST" duration-ms="8998" status="PASS">
          <reporter-output>
          </reporter-output>
        </test-method> <!-- testPostUser -->
        <test-method signature="testGetUserByName()[pri:2, instance:api.test.UserTests2@18df8434]" started-at="2024-07-14T21:04:35 IST" name="testGetUserByName" finished-at="2024-07-14T21:04:37 IST" duration-ms="1520" status="PASS">
          <reporter-output>
          </reporter-output>
        </test-method> <!-- testGetUserByName -->
        <test-method signature="testUpdateUserByName()[pri:3, instance:api.test.UserTests2@18df8434]" started-at="2024-07-14T21:04:37 IST" name="testUpdateUserByName" finished-at="2024-07-14T21:04:40 IST" duration-ms="3205" status="PASS">
          <reporter-output>
          </reporter-output>
        </test-method> <!-- testUpdateUserByName -->
        <test-method signature="testDeleteUserByName()[pri:4, instance:api.test.UserTests2@18df8434]" started-at="2024-07-14T21:04:40 IST" name="testDeleteUserByName" finished-at="2024-07-14T21:04:41 IST" duration-ms="1567" status="PASS">
          <reporter-output>
          </reporter-output>
        </test-method> <!-- testDeleteUserByName -->
      </class> <!-- api.test.UserTests2 -->
    </test> <!-- Petest -->
  </suite> <!-- PetSuite -->
</testng-results>
