<?xml version="1.0" encoding="UTF-8"?>
<!-- Generated by org.testng.reporters.JUnitXMLReporter -->
<testsuite ignored="0" hostname="DESKTOP-HBK8B2D" failures="0" tests="4" name="Petest" time="16.002" errors="0" timestamp="2024-07-14T21:04:42 IST">
  <testcase classname="api.test.UserTests2" name="testPostUser" time="8.998"/>
  <testcase classname="api.test.UserTests2" name="testGetUserByName" time="1.52"/>
  <testcase classname="api.test.UserTests2" name="testUpdateUserByName" time="3.205"/>
  <testcase classname="api.test.UserTests2" name="testDeleteUserByName" time="1.567"/>
</testsuite> <!-- Petest -->
